[   282.581] (--) Log file renamed from "/home/zs/.local/share/xorg/Xorg.pid-1422.log" to "/home/zs/.local/share/xorg/Xorg.0.log"
[   282.593] 
X.Org X Server 1.20.9
X Protocol Version 11, Revision 0
[   282.594] Build Operating System: Linux 4.15.0-130-generic x86_64 Ubuntu
[   282.594] Current Operating System: Linux ubuntu 5.8.0-44-generic #50~20.04.1-Ubuntu SMP Wed Feb 10 21:07:30 UTC 2021 x86_64
[   282.594] Kernel command line: BOOT_IMAGE=/boot/vmlinuz-5.8.0-44-generic root=UUID=3808ebf1-6f16-446a-a0ec-bcf35c41dd5b ro find_preseed=/preseed.cfg auto noprompt priority=critical locale=en_US quiet
[   282.594] Build Date: 17 January 2021  09:13:31AM
[   282.594] xorg-server 2:1.20.9-2ubuntu1.2~20.04.1 (For technical support please see http://www.ubuntu.com/support) 
[   282.594] Current version of pixman: 0.38.4
[   282.594] 	Before reporting problems, check http://wiki.x.org
	to make sure that you have the latest version.
[   282.594] Markers: (--) probed, (**) from config file, (==) default setting,
	(++) from command line, (!!) notice, (II) informational,
	(WW) warning, (EE) error, (NI) not implemented, (??) unknown.
[   282.595] (==) Log file: "/home/zs/.local/share/xorg/Xorg.0.log", Time: Wed Mar 10 06:18:14 2021
[   282.639] (==) Using system config directory "/usr/share/X11/xorg.conf.d"
[   282.674] (==) No Layout section.  Using the first Screen section.
[   282.674] (==) No screen section available. Using defaults.
[   282.676] (**) |-->Screen "Default Screen Section" (0)
[   282.677] (**) |   |-->Monitor "<default monitor>"
[   282.688] (==) No monitor specified for screen "Default Screen Section".
	Using a default monitor configuration.
[   282.688] (==) Automatically adding devices
[   282.689] (==) Automatically enabling devices
[   282.689] (==) Automatically adding GPU devices
[   282.690] (==) Automatically binding GPU devices
[   282.690] (==) Max clients allowed: 256, resource mask: 0x1fffff
[   282.690] (WW) The directory "/usr/share/fonts/X11/cyrillic" does not exist.
[   282.691] 	Entry deleted from font path.
[   282.691] (WW) The directory "/usr/share/fonts/X11/100dpi/" does not exist.
[   282.699] 	Entry deleted from font path.
[   282.700] (WW) The directory "/usr/share/fonts/X11/75dpi/" does not exist.
[   282.700] 	Entry deleted from font path.
[   282.701] (WW) The directory "/usr/share/fonts/X11/100dpi" does not exist.
[   282.703] 	Entry deleted from font path.
[   282.703] (WW) The directory "/usr/share/fonts/X11/75dpi" does not exist.
[   282.703] 	Entry deleted from font path.
[   282.704] (==) FontPath set to:
	/usr/share/fonts/X11/misc,
	/usr/share/fonts/X11/Type1,
	built-ins
[   282.704] (==) ModulePath set to "/usr/lib/xorg/modules"
[   282.704] (II) The server relies on udev to provide the list of input devices.
	If no devices become available, reconfigure udev or disable AutoAddDevices.
[   282.704] (II) Loader magic: 0x5585ce8ec020
[   282.704] (II) Module ABI versions:
[   282.704] 	X.Org ANSI C Emulation: 0.4
[   282.704] 	X.Org Video Driver: 24.1
[   282.704] 	X.Org XInput driver : 24.1
[   282.704] 	X.Org Server Extension : 10.0
[   282.709] (++) using VT number 2

[   282.717] (II) systemd-logind: took control of session /org/freedesktop/login1/session/_33
[   282.727] (II) xfree86: Adding drm device (/dev/dri/card0)
[   282.732] (II) systemd-logind: got fd for /dev/dri/card0 226:0 fd 12 paused 0
[   282.748] (--) PCI:*(0@0:15:0) 15ad:0405:15ad:0405 rev 0, Mem @ 0xe8000000/134217728, 0xfe000000/8388608, I/O @ 0x00001070/16, BIOS @ 0x????????/131072
[   282.750] (II) LoadModule: "glx"
[   282.766] (II) Loading /usr/lib/xorg/modules/extensions/libglx.so
[   282.794] (II) Module glx: vendor="X.Org Foundation"
[   282.794] 	compiled for 1.20.9, module version = 1.0.0
[   282.794] 	ABI class: X.Org Server Extension, version 10.0
[   282.794] (==) Matched vmware as autoconfigured driver 0
[   282.794] (==) Matched modesetting as autoconfigured driver 1
[   282.794] (==) Matched fbdev as autoconfigured driver 2
[   282.794] (==) Matched vesa as autoconfigured driver 3
[   282.794] (==) Assigned the driver to the xf86ConfigLayout
[   282.794] (II) LoadModule: "vmware"
[   282.795] (II) Loading /usr/lib/xorg/modules/drivers/vmware_drv.so
[   283.071] (II) Module vmware: vendor="X.Org Foundation"
[   283.071] 	compiled for 1.20.8, module version = 13.3.0
[   283.071] 	Module class: X.Org Video Driver
[   283.072] 	ABI class: X.Org Video Driver, version 24.1
[   283.072] (II) LoadModule: "modesetting"
[   283.074] (II) Loading /usr/lib/xorg/modules/drivers/modesetting_drv.so
[   283.145] (II) Module modesetting: vendor="X.Org Foundation"
[   283.145] 	compiled for 1.20.9, module version = 1.20.9
[   283.145] 	Module class: X.Org Video Driver
[   283.145] 	ABI class: X.Org Video Driver, version 24.1
[   283.145] (II) LoadModule: "fbdev"
[   283.146] (II) Loading /usr/lib/xorg/modules/drivers/fbdev_drv.so
[   283.149] (II) Module fbdev: vendor="X.Org Foundation"
[   283.149] 	compiled for 1.20.1, module version = 0.5.0
[   283.149] 	Module class: X.Org Video Driver
[   283.149] 	ABI class: X.Org Video Driver, version 24.0
[   283.149] (II) LoadModule: "vesa"
[   283.149] (II) Loading /usr/lib/xorg/modules/drivers/vesa_drv.so
[   283.153] (II) Module vesa: vendor="X.Org Foundation"
[   283.153] 	compiled for 1.20.4, module version = 2.4.0
[   283.153] 	Module class: X.Org Video Driver
[   283.153] 	ABI class: X.Org Video Driver, version 24.0
[   283.153] (II) vmware: driver for VMware SVGA: vmware0405, vmware0710
[   283.153] (II) modesetting: Driver for Modesetting Kernel Drivers: kms
[   283.153] (II) FBDEV: driver for framebuffer: fbdev
[   283.153] (II) VESA: driver for VESA chipsets: vesa
[   283.153] xf86EnableIOPorts: failed to set IOPL for I/O (Operation not permitted)
[   283.153] (WW) Falling back to old probe method for modesetting
[   283.154] (WW) Falling back to old probe method for fbdev
[   283.154] (II) Loading sub module "fbdevhw"
[   283.154] (II) LoadModule: "fbdevhw"
[   283.154] (II) Loading /usr/lib/xorg/modules/libfbdevhw.so
[   283.190] (II) Module fbdevhw: vendor="X.Org Foundation"
[   283.190] 	compiled for 1.20.9, module version = 0.0.2
[   283.190] 	ABI class: X.Org Video Driver, version 24.1
[   283.191] (EE) open /dev/fb0: Permission denied
[   283.191] (WW) VGA arbiter: cannot open kernel arbiter, no multi-card support
[   283.191] (II) vmware(0): Creating default Display subsection in Screen section
	"Default Screen Section" for depth/fbbpp 24/32
[   283.191] (--) vmware(0): DRM driver version is 2.18.0
[   283.191] (==) vmware(0): Depth 24, (--) framebuffer bpp 32
[   283.191] (==) vmware(0): RGB weight 888
[   283.191] (==) vmware(0): Default visual is TrueColor
[   283.191] (--) vmware(0): Min width 1, Max Width 8192.
[   283.191] (--) vmware(0): Min height 1, Max Height 8192.
[   283.213] (II) vmware(0): Output Virtual1 has no monitor section
[   283.214] (II) vmware(0): Output Virtual2 has no monitor section
[   283.214] (II) vmware(0): Output Virtual3 has no monitor section
[   283.214] (II) vmware(0): Output Virtual4 has no monitor section
[   283.214] (II) vmware(0): Output Virtual5 has no monitor section
[   283.214] (II) vmware(0): Output Virtual6 has no monitor section
[   283.214] (II) vmware(0): Output Virtual7 has no monitor section
[   283.214] (II) vmware(0): Output Virtual8 has no monitor section
[   283.214] (II) vmware(0): Printing probed modes for output Virtual1
[   283.214] (II) vmware(0): Modeline "800x600"x60.0   42.75  800 850 900 950  600 650 700 750 -hsync +vsync (45.0 kHz eP)
[   283.214] (II) vmware(0): Modeline "2560x1600"x60.0  348.50  2560 2752 3032 3504  1600 1603 1609 1658 -hsync +vsync (99.5 kHz e)
[   283.214] (II) vmware(0): Modeline "1920x1440"x60.0  234.00  1920 2048 2256 2600  1440 1441 1444 1500 -hsync +vsync (90.0 kHz e)
[   283.214] (II) vmware(0): Modeline "1856x1392"x60.0  218.25  1856 1952 2176 2528  1392 1393 1396 1439 -hsync +vsync (86.3 kHz e)
[   283.214] (II) vmware(0): Modeline "1792x1344"x60.0  204.75  1792 1920 2120 2448  1344 1345 1348 1394 -hsync +vsync (83.6 kHz e)
[   283.214] (II) vmware(0): Modeline "1920x1200"x59.9  193.25  1920 2056 2256 2592  1200 1203 1209 1245 -hsync +vsync (74.6 kHz e)
[   283.214] (II) vmware(0): Modeline "1600x1200"x60.0  162.00  1600 1664 1856 2160  1200 1201 1204 1250 +hsync +vsync (75.0 kHz e)
[   283.214] (II) vmware(0): Modeline "1680x1050"x60.0  146.25  1680 1784 1960 2240  1050 1053 1059 1089 -hsync +vsync (65.3 kHz e)
[   283.214] (II) vmware(0): Modeline "1400x1050"x60.0  121.75  1400 1488 1632 1864  1050 1053 1057 1089 -hsync +vsync (65.3 kHz e)
[   283.214] (II) vmware(0): Modeline "1280x1024"x60.0  108.00  1280 1328 1440 1688  1024 1025 1028 1066 +hsync +vsync (64.0 kHz e)
[   283.214] (II) vmware(0): Modeline "1440x900"x59.9  106.50  1440 1520 1672 1904  900 903 909 934 -hsync +vsync (55.9 kHz e)
[   283.214] (II) vmware(0): Modeline "1280x960"x60.0  108.00  1280 1376 1488 1800  960 961 964 1000 +hsync +vsync (60.0 kHz e)
[   283.214] (II) vmware(0): Modeline "1360x768"x60.0   85.50  1360 1424 1536 1792  768 771 777 795 +hsync +vsync (47.7 kHz e)
[   283.214] (II) vmware(0): Modeline "1280x800"x59.8   83.50  1280 1352 1480 1680  800 803 809 831 +hsync -vsync (49.7 kHz e)
[   283.214] (II) vmware(0): Modeline "1152x864"x75.0  108.00  1152 1216 1344 1600  864 865 868 900 +hsync +vsync (67.5 kHz e)
[   283.214] (II) vmware(0): Modeline "1280x768"x59.9   79.50  1280 1344 1472 1664  768 771 778 798 -hsync +vsync (47.8 kHz e)
[   283.214] (II) vmware(0): Modeline "1024x768"x60.0   65.00  1024 1048 1184 1344  768 771 777 806 -hsync -vsync (48.4 kHz e)
[   283.214] (II) vmware(0): Modeline "800x600"x60.3   40.00  800 840 968 1056  600 601 605 628 +hsync +vsync (37.9 kHz e)
[   283.214] (II) vmware(0): Modeline "640x480"x59.9   25.18  640 656 752 800  480 489 492 525 -hsync -vsync (31.5 kHz e)
[   283.214] (II) vmware(0): EDID for output Virtual2
[   283.215] (II) vmware(0): EDID for output Virtual3
[   283.215] (II) vmware(0): EDID for output Virtual4
[   283.215] (II) vmware(0): EDID for output Virtual5
[   283.215] (II) vmware(0): EDID for output Virtual6
[   283.215] (II) vmware(0): EDID for output Virtual7
[   283.215] (II) vmware(0): EDID for output Virtual8
[   283.215] (II) vmware(0): Output Virtual1 connected
[   283.215] (II) vmware(0): Output Virtual2 disconnected
[   283.215] (II) vmware(0): Output Virtual3 disconnected
[   283.215] (II) vmware(0): Output Virtual4 disconnected
[   283.215] (II) vmware(0): Output Virtual5 disconnected
[   283.215] (II) vmware(0): Output Virtual6 disconnected
[   283.215] (II) vmware(0): Output Virtual7 disconnected
[   283.215] (II) vmware(0): Output Virtual8 disconnected
[   283.215] (II) vmware(0): Using exact sizes for initial modes
[   283.215] (II) vmware(0): Output Virtual1 using initial mode 800x600 +0+0
[   283.215] (==) vmware(0): DPI set to (96, 96)
[   283.215] (==) vmware(0): Using gamma correction (1.0, 1.0, 1.0)
[   283.215] (II) Loading sub module "fb"
[   283.215] (II) LoadModule: "fb"
[   283.215] (II) Loading /usr/lib/xorg/modules/libfb.so
[   283.221] (II) Module fb: vendor="X.Org Foundation"
[   283.221] 	compiled for 1.20.9, module version = 1.0.0
[   283.221] 	ABI class: X.Org ANSI C Emulation, version 0.4
[   283.221] (II) Loading sub module "dri2"
[   283.221] (II) LoadModule: "dri2"
[   283.221] (II) Module "dri2" already built-in
[   283.221] (II) Loading sub module "dri3"
[   283.221] (II) LoadModule: "dri3"
[   283.221] (II) Module "dri3" already built-in
[   283.221] (II) UnloadModule: "modesetting"
[   283.221] (II) Unloading modesetting
[   283.221] (II) UnloadModule: "fbdev"
[   283.221] (II) Unloading fbdev
[   283.221] (II) UnloadSubModule: "fbdevhw"
[   283.221] (II) Unloading fbdevhw
[   283.221] (II) UnloadModule: "vesa"
[   283.221] (II) Unloading vesa
[   283.262] (II) vmware(0): Initialized VMWARE_CTRL extension version 0.2
[   283.540] (II) vmware(0): Gallium3D XA version: 2.5.0.
[   283.541] (II) vmware(0): Path of drm device is "/dev/dri/card0".
[   283.583] (II) vmware(0): [DRI2] Setup complete
[   283.583] (II) vmware(0): [DRI2]   DRI driver: vmwgfx
[   284.038] (--) vmware(0): Render acceleration is enabled.
[   284.038] (==) vmware(0): Rendercheck mode is disabled.
[   284.038] (--) vmware(0): Direct rendering (DRI2 3D) is enabled.
[   284.038] (--) vmware(0): Direct rendering (DRI3 3D) is enabled.
[   284.038] (==) vmware(0): Direct presents are disabled.
[   284.038] (==) vmware(0): Hardware only presents are automatic per scanout.
[   284.038] (==) vmware(0): Backing store enabled
[   284.038] (==) vmware(0): Silken mouse enabled
[   284.060] (==) vmware(0): DPMS enabled
[   284.060] (II) Initializing extension Generic Event Extension
[   284.060] (II) Initializing extension SHAPE
[   284.060] (II) Initializing extension MIT-SHM
[   284.060] (II) Initializing extension XInputExtension
[   284.062] (II) Initializing extension XTEST
[   284.063] (II) Initializing extension BIG-REQUESTS
[   284.063] (II) Initializing extension SYNC
[   284.063] (II) Initializing extension XKEYBOARD
[   284.063] (II) Initializing extension XC-MISC
[   284.063] (II) Initializing extension SECURITY
[   284.063] (II) Initializing extension XFIXES
[   284.063] (II) Initializing extension RENDER
[   284.064] (II) Initializing extension RANDR
[   284.064] (II) Initializing extension COMPOSITE
[   284.064] (II) Initializing extension DAMAGE
[   284.064] (II) Initializing extension MIT-SCREEN-SAVER
[   284.064] (II) Initializing extension DOUBLE-BUFFER
[   284.064] (II) Initializing extension RECORD
[   284.064] (II) Initializing extension DPMS
[   284.064] (II) Initializing extension Present
[   284.065] (II) Initializing extension DRI3
[   284.065] (II) Initializing extension X-Resource
[   284.065] (II) Initializing extension XVideo
[   284.065] (II) Initializing extension XVideo-MotionCompensation
[   284.065] (II) Initializing extension SELinux
[   284.065] (II) SELinux: Disabled on system
[   284.065] (II) Initializing extension GLX
[   284.086] (II) AIGLX: Loaded and initialized vmwgfx
[   284.086] (II) GLX: Initialized DRI2 GL provider for screen 0
[   284.086] (II) Initializing extension XFree86-VidModeExtension
[   284.086] (II) Initializing extension XFree86-DGA
[   284.086] (II) Initializing extension XFree86-DRI
[   284.086] (II) Initializing extension DRI2
[   284.097] (II) vmware(0): Setting screen physical size to 211 x 158
[   284.169] (II) config/udev: Adding input device Power Button (/dev/input/event0)
[   284.169] (**) Power Button: Applying InputClass "libinput keyboard catchall"
[   284.169] (II) LoadModule: "libinput"
[   284.169] (II) Loading /usr/lib/xorg/modules/input/libinput_drv.so
[   284.185] (II) Module libinput: vendor="X.Org Foundation"
[   284.185] 	compiled for 1.20.4, module version = 0.29.0
[   284.185] 	Module class: X.Org XInput Driver
[   284.185] 	ABI class: X.Org XInput driver, version 24.1
[   284.185] (II) Using input driver 'libinput' for 'Power Button'
[   284.187] (II) systemd-logind: got fd for /dev/input/event0 13:64 fd 24 paused 0
[   284.187] (**) Power Button: always reports core events
[   284.188] (**) Option "Device" "/dev/input/event0"
[   284.188] (**) Option "_source" "server/udev"
[   284.193] (II) event0  - Power Button: is tagged by udev as: Keyboard
[   284.193] (II) event0  - Power Button: device is a keyboard
[   284.194] (II) event0  - Power Button: device removed
[   284.194] (**) Option "config_info" "udev:/sys/devices/LNXSYSTM:00/LNXPWRBN:00/input/input0/event0"
[   284.194] (II) XINPUT: Adding extended input device "Power Button" (type: KEYBOARD, id 6)
[   284.194] (**) Option "xkb_model" "SKIP"
[   284.194] (**) Option "xkb_layout" "us"
[   284.244] (II) event0  - Power Button: is tagged by udev as: Keyboard
[   284.244] (II) event0  - Power Button: device is a keyboard
[   284.247] (II) config/udev: Adding input device VMware VMware Virtual USB Mouse (/dev/input/event4)
[   284.247] (**) VMware VMware Virtual USB Mouse: Applying InputClass "libinput pointer catchall"
[   284.247] (II) Using input driver 'libinput' for 'VMware VMware Virtual USB Mouse'
[   284.308] (II) systemd-logind: got fd for /dev/input/event4 13:68 fd 27 paused 0
[   284.308] (**) VMware VMware Virtual USB Mouse: always reports core events
[   284.308] (**) Option "Device" "/dev/input/event4"
[   284.308] (**) Option "_source" "server/udev"
[   284.312] (II) event4  - VMware VMware Virtual USB Mouse: is tagged by udev as: Mouse
[   284.312] (II) event4  - VMware VMware Virtual USB Mouse: device is a pointer
[   284.314] (II) event4  - VMware VMware Virtual USB Mouse: device removed
[   284.314] (**) Option "config_info" "udev:/sys/devices/pci0000:00/0000:00:11.0/0000:02:00.0/usb2/2-1/2-1:1.0/0003:0E0F:0003.0001/input/input5/event4"
[   284.314] (II) XINPUT: Adding extended input device "VMware VMware Virtual USB Mouse" (type: MOUSE, id 7)
[   284.314] (**) Option "AccelerationScheme" "none"
[   284.314] (**) VMware VMware Virtual USB Mouse: (accel) selected scheme none/0
[   284.314] (**) VMware VMware Virtual USB Mouse: (accel) acceleration factor: 2.000
[   284.314] (**) VMware VMware Virtual USB Mouse: (accel) acceleration threshold: 4
[   284.318] (II) event4  - VMware VMware Virtual USB Mouse: is tagged by udev as: Mouse
[   284.318] (II) event4  - VMware VMware Virtual USB Mouse: device is a pointer
[   284.320] (II) config/udev: Adding input device VMware VMware Virtual USB Mouse (/dev/input/mouse2)
[   284.320] (II) No input driver specified, ignoring this device.
[   284.320] (II) This device may have been added with another device file.
[   284.321] (II) config/udev: Adding input device AT Translated Set 2 keyboard (/dev/input/event1)
[   284.321] (**) AT Translated Set 2 keyboard: Applying InputClass "libinput keyboard catchall"
[   284.321] (II) Using input driver 'libinput' for 'AT Translated Set 2 keyboard'
[   284.325] (II) systemd-logind: got fd for /dev/input/event1 13:65 fd 28 paused 0
[   284.325] (**) AT Translated Set 2 keyboard: always reports core events
[   284.325] (**) Option "Device" "/dev/input/event1"
[   284.325] (**) Option "_source" "server/udev"
[   284.326] (II) event1  - AT Translated Set 2 keyboard: is tagged by udev as: Keyboard
[   284.326] (II) event1  - AT Translated Set 2 keyboard: device is a keyboard
[   284.327] (II) event1  - AT Translated Set 2 keyboard: device removed
[   284.327] (**) Option "config_info" "udev:/sys/devices/platform/i8042/serio0/input/input1/event1"
[   284.327] (II) XINPUT: Adding extended input device "AT Translated Set 2 keyboard" (type: KEYBOARD, id 8)
[   284.327] (**) Option "xkb_model" "SKIP"
[   284.327] (**) Option "xkb_layout" "us"
[   284.329] (II) event1  - AT Translated Set 2 keyboard: is tagged by udev as: Keyboard
[   284.329] (II) event1  - AT Translated Set 2 keyboard: device is a keyboard
[   284.330] (II) config/udev: Adding input device VirtualPS/2 VMware VMMouse (/dev/input/event3)
[   284.330] (**) VirtualPS/2 VMware VMMouse: Applying InputClass "libinput pointer catchall"
[   284.330] (II) Using input driver 'libinput' for 'VirtualPS/2 VMware VMMouse'
[   284.333] (II) systemd-logind: got fd for /dev/input/event3 13:67 fd 29 paused 0
[   284.333] (**) VirtualPS/2 VMware VMMouse: always reports core events
[   284.333] (**) Option "Device" "/dev/input/event3"
[   284.333] (**) Option "_source" "server/udev"
[   284.335] (II) event3  - VirtualPS/2 VMware VMMouse: is tagged by udev as: Mouse
[   284.336] (II) event3  - VirtualPS/2 VMware VMMouse: device is a pointer
[   284.336] (II) event3  - VirtualPS/2 VMware VMMouse: device removed
[   284.336] (**) Option "config_info" "udev:/sys/devices/platform/i8042/serio1/input/input3/event3"
[   284.337] (II) XINPUT: Adding extended input device "VirtualPS/2 VMware VMMouse" (type: MOUSE, id 9)
[   284.337] (**) Option "AccelerationScheme" "none"
[   284.337] (**) VirtualPS/2 VMware VMMouse: (accel) selected scheme none/0
[   284.337] (**) VirtualPS/2 VMware VMMouse: (accel) acceleration factor: 2.000
[   284.337] (**) VirtualPS/2 VMware VMMouse: (accel) acceleration threshold: 4
[   284.340] (II) event3  - VirtualPS/2 VMware VMMouse: is tagged by udev as: Mouse
[   284.341] (II) event3  - VirtualPS/2 VMware VMMouse: device is a pointer
[   284.342] (II) config/udev: Adding input device VirtualPS/2 VMware VMMouse (/dev/input/mouse1)
[   284.343] (II) No input driver specified, ignoring this device.
[   284.343] (II) This device may have been added with another device file.
[   284.344] (II) config/udev: Adding input device VirtualPS/2 VMware VMMouse (/dev/input/event2)
[   284.344] (**) VirtualPS/2 VMware VMMouse: Applying InputClass "libinput pointer catchall"
[   284.344] (II) Using input driver 'libinput' for 'VirtualPS/2 VMware VMMouse'
[   284.349] (II) systemd-logind: got fd for /dev/input/event2 13:66 fd 30 paused 0
[   284.349] (**) VirtualPS/2 VMware VMMouse: always reports core events
[   284.349] (**) Option "Device" "/dev/input/event2"
[   284.349] (**) Option "_source" "server/udev"
[   284.350] (II) event2  - VirtualPS/2 VMware VMMouse: is tagged by udev as: Mouse
[   284.350] (II) event2  - VirtualPS/2 VMware VMMouse: device is a pointer
[   284.351] (II) event2  - VirtualPS/2 VMware VMMouse: device removed
[   284.351] (**) Option "config_info" "udev:/sys/devices/platform/i8042/serio1/input/input4/event2"
[   284.351] (II) XINPUT: Adding extended input device "VirtualPS/2 VMware VMMouse" (type: MOUSE, id 10)
[   284.351] (**) Option "AccelerationScheme" "none"
[   284.351] (**) VirtualPS/2 VMware VMMouse: (accel) selected scheme none/0
[   284.351] (**) VirtualPS/2 VMware VMMouse: (accel) acceleration factor: 2.000
[   284.351] (**) VirtualPS/2 VMware VMMouse: (accel) acceleration threshold: 4
[   284.353] (II) event2  - VirtualPS/2 VMware VMMouse: is tagged by udev as: Mouse
[   284.353] (II) event2  - VirtualPS/2 VMware VMMouse: device is a pointer
[   284.354] (II) config/udev: Adding input device VirtualPS/2 VMware VMMouse (/dev/input/mouse0)
[   284.354] (II) No input driver specified, ignoring this device.
[   284.354] (II) This device may have been added with another device file.
